['INFO ]2023-07-03 22:03:19,512(YYYY-MM-ddHH:MM:ss.SSS][main]Utilities.Loggerload1)-******************* Launching Home Page******************
['INFO ]2023-07-03 23:38:08,321(YYYY-MM-ddHH:MM:ss.SSS][main]Utilities.Loggerload1)-******************* Launching Home Page******************
['INFO ]2023-07-03 23:38:18,496(YYYY-MM-ddHH:MM:ss.SSS][main]Utilities.Loggerload1)-******************* Launching Home Page******************
['INFO ]2023-07-04 14:20:43,119(YYYY-MM-ddHH:MM:ss.SSS][main]Utilities.Loggerload1)-******************* Launching Home Page******************
['INFO ]2023-07-04 14:21:01,536(YYYY-MM-ddHH:MM:ss.SSS][main]Utilities.Loggerload1)-******************* Launching Home Page******************
['INFO ]2023-07-04 14:51:38,307(YYYY-MM-ddHH:MM:ss.SSS][main]Utilities.Loggerload1)-
['INFO ]2023-07-04 14:51:40,883(YYYY-MM-ddHH:MM:ss.SSS][main]Utilities.Loggerload1)-******************* Launching Home Page******************
['WARN ]2023-07-04 14:51:43,514(YYYY-MM-ddHH:MM:ss.SSS][main]Utilities.Loggerload1)-******************You have got a login failure warning*********************
['WARN ]2023-07-04 14:51:44,786(YYYY-MM-ddHH:MM:ss.SSS][main]Utilities.Loggerload1)-******************You have got a login failure warning*********************
['WARN ]2023-07-04 14:51:46,063(YYYY-MM-ddHH:MM:ss.SSS][main]Utilities.Loggerload1)-******************You have got a login failure warning*********************
['WARN ]2023-07-04 14:51:47,155(YYYY-MM-ddHH:MM:ss.SSS][main]Utilities.Loggerload1)-******************You have got a login failure warning*********************
['WARN ]2023-07-04 14:51:48,176(YYYY-MM-ddHH:MM:ss.SSS][main]Utilities.Loggerload1)-******************You have got a login failure warning*********************
['WARN ]2023-07-04 14:51:49,347(YYYY-MM-ddHH:MM:ss.SSS][main]Utilities.Loggerload1)-******************You have got a login failure warning*********************
['WARN ]2023-07-04 14:51:50,476(YYYY-MM-ddHH:MM:ss.SSS][main]Utilities.Loggerload1)-******************You have got a login failure warning*********************
['WARN ]2023-07-04 14:51:51,484(YYYY-MM-ddHH:MM:ss.SSS][main]Utilities.Loggerload1)-******************You have got a login failure warning*********************
['WARN ]2023-07-04 14:51:52,355(YYYY-MM-ddHH:MM:ss.SSS][main]Utilities.Loggerload1)-******************You have got a login failure warning*********************
['WARN ]2023-07-04 14:51:53,387(YYYY-MM-ddHH:MM:ss.SSS][main]Utilities.Loggerload1)-******************You have got a login failure warning*********************
['WARN ]2023-07-04 14:51:54,395(YYYY-MM-ddHH:MM:ss.SSS][main]Utilities.Loggerload1)-******************You have got a login failure warning*********************
['WARN ]2023-07-04 14:51:55,287(YYYY-MM-ddHH:MM:ss.SSS][main]Utilities.Loggerload1)-******************You have got a login failure warning*********************
['WARN ]2023-07-04 14:51:56,161(YYYY-MM-ddHH:MM:ss.SSS][main]Utilities.Loggerload1)-******************You have got a login failure warning*********************
['INFO ]2023-07-04 14:51:56,467(YYYY-MM-ddHH:MM:ss.SSS][main]Utilities.Loggerload1)-*************Launching Signin Page*******************
['INFO ]2023-07-04 14:51:56,702(YYYY-MM-ddHH:MM:ss.SSS][main]Utilities.Loggerload1)-*************Launching Registration Page*******************
['INFO ]2023-07-04 14:51:56,855(YYYY-MM-ddHH:MM:ss.SSS][main]Utilities.Loggerload1)-Registration
['INFO ]2023-07-04 14:51:57,038(YYYY-MM-ddHH:MM:ss.SSS][main]Utilities.Loggerload1)-******************* Launching Home Page******************
['INFO ]2023-07-05 01:30:38,335(YYYY-MM-ddHH:MM:ss.SSS][main]Utilities.Loggerload1)-
['INFO ]2023-07-05 01:30:39,802(YYYY-MM-ddHH:MM:ss.SSS][main]Utilities.Loggerload1)-******************* Launching Home Page******************
['WARN ]2023-07-05 01:30:43,144(YYYY-MM-ddHH:MM:ss.SSS][main]Utilities.Loggerload1)-******************You have got a login failure warning*********************
['WARN ]2023-07-05 01:30:44,226(YYYY-MM-ddHH:MM:ss.SSS][main]Utilities.Loggerload1)-******************You have got a login failure warning*********************
['WARN ]2023-07-05 01:30:45,327(YYYY-MM-ddHH:MM:ss.SSS][main]Utilities.Loggerload1)-******************You have got a login failure warning*********************
['WARN ]2023-07-05 01:30:46,155(YYYY-MM-ddHH:MM:ss.SSS][main]Utilities.Loggerload1)-******************You have got a login failure warning*********************
['WARN ]2023-07-05 01:30:47,006(YYYY-MM-ddHH:MM:ss.SSS][main]Utilities.Loggerload1)-******************You have got a login failure warning*********************
['WARN ]2023-07-05 01:30:48,139(YYYY-MM-ddHH:MM:ss.SSS][main]Utilities.Loggerload1)-******************You have got a login failure warning*********************
['WARN ]2023-07-05 01:30:48,957(YYYY-MM-ddHH:MM:ss.SSS][main]Utilities.Loggerload1)-******************You have got a login failure warning*********************
['WARN ]2023-07-05 01:30:49,948(YYYY-MM-ddHH:MM:ss.SSS][main]Utilities.Loggerload1)-******************You have got a login failure warning*********************
['WARN ]2023-07-05 01:30:50,857(YYYY-MM-ddHH:MM:ss.SSS][main]Utilities.Loggerload1)-******************You have got a login failure warning*********************
['WARN ]2023-07-05 01:30:51,679(YYYY-MM-ddHH:MM:ss.SSS][main]Utilities.Loggerload1)-******************You have got a login failure warning*********************
['WARN ]2023-07-05 01:30:52,602(YYYY-MM-ddHH:MM:ss.SSS][main]Utilities.Loggerload1)-******************You have got a login failure warning*********************
['WARN ]2023-07-05 01:30:53,610(YYYY-MM-ddHH:MM:ss.SSS][main]Utilities.Loggerload1)-******************You have got a login failure warning*********************
['WARN ]2023-07-05 01:30:54,442(YYYY-MM-ddHH:MM:ss.SSS][main]Utilities.Loggerload1)-******************You have got a login failure warning*********************
['INFO ]2023-07-05 01:30:54,774(YYYY-MM-ddHH:MM:ss.SSS][main]Utilities.Loggerload1)-*************Launching Signin Page*******************
['INFO ]2023-07-05 01:30:54,981(YYYY-MM-ddHH:MM:ss.SSS][main]Utilities.Loggerload1)-*************Launching Registration Page*******************
['INFO ]2023-07-05 01:30:55,134(YYYY-MM-ddHH:MM:ss.SSS][main]Utilities.Loggerload1)-Registration
['INFO ]2023-07-05 01:30:55,407(YYYY-MM-ddHH:MM:ss.SSS][main]Utilities.Loggerload1)-******************* Launching Home Page******************
['INFO ]2023-07-05 02:36:32,131(YYYY-MM-ddHH:MM:ss.SSS][main]Utilities.Loggerload1)-
['INFO ]2023-07-05 02:36:33,298(YYYY-MM-ddHH:MM:ss.SSS][main]Utilities.Loggerload1)-******************* Launching Home Page******************
['WARN ]2023-07-05 02:36:39,755(YYYY-MM-ddHH:MM:ss.SSS][main]Utilities.Loggerload1)-******************You have got a login failure warning*********************
['WARN ]2023-07-05 02:36:40,900(YYYY-MM-ddHH:MM:ss.SSS][main]Utilities.Loggerload1)-******************You have got a login failure warning*********************
['WARN ]2023-07-05 02:36:42,098(YYYY-MM-ddHH:MM:ss.SSS][main]Utilities.Loggerload1)-******************You have got a login failure warning*********************
['WARN ]2023-07-05 02:36:43,327(YYYY-MM-ddHH:MM:ss.SSS][main]Utilities.Loggerload1)-******************You have got a login failure warning*********************
['WARN ]2023-07-05 02:36:44,294(YYYY-MM-ddHH:MM:ss.SSS][main]Utilities.Loggerload1)-******************You have got a login failure warning*********************
['WARN ]2023-07-05 02:36:45,438(YYYY-MM-ddHH:MM:ss.SSS][main]Utilities.Loggerload1)-******************You have got a login failure warning*********************
['WARN ]2023-07-05 02:36:46,858(YYYY-MM-ddHH:MM:ss.SSS][main]Utilities.Loggerload1)-******************You have got a login failure warning*********************
['WARN ]2023-07-05 02:36:47,680(YYYY-MM-ddHH:MM:ss.SSS][main]Utilities.Loggerload1)-******************You have got a login failure warning*********************
['WARN ]2023-07-05 02:36:48,747(YYYY-MM-ddHH:MM:ss.SSS][main]Utilities.Loggerload1)-******************You have got a login failure warning*********************
['WARN ]2023-07-05 02:36:49,744(YYYY-MM-ddHH:MM:ss.SSS][main]Utilities.Loggerload1)-******************You have got a login failure warning*********************
['WARN ]2023-07-05 02:36:50,701(YYYY-MM-ddHH:MM:ss.SSS][main]Utilities.Loggerload1)-******************You have got a login failure warning*********************
['WARN ]2023-07-05 02:36:51,662(YYYY-MM-ddHH:MM:ss.SSS][main]Utilities.Loggerload1)-******************You have got a login failure warning*********************
['WARN ]2023-07-05 02:36:52,639(YYYY-MM-ddHH:MM:ss.SSS][main]Utilities.Loggerload1)-******************You have got a login failure warning*********************
['INFO ]2023-07-05 02:36:53,229(YYYY-MM-ddHH:MM:ss.SSS][main]Utilities.Loggerload1)-*************Launching Signin Page*******************
['INFO ]2023-07-05 02:36:53,636(YYYY-MM-ddHH:MM:ss.SSS][main]Utilities.Loggerload1)-*************Launching Registration Page*******************
['INFO ]2023-07-05 02:36:53,696(YYYY-MM-ddHH:MM:ss.SSS][main]Utilities.Loggerload1)-Registration
['INFO ]2023-07-05 02:36:53,961(YYYY-MM-ddHH:MM:ss.SSS][main]Utilities.Loggerload1)-******************* Launching Home Page******************
['INFO ]2023-07-05 10:57:11,405(YYYY-MM-ddHH:MM:ss.SSS][main]Utilities.Loggerload1)-
['INFO ]2023-07-05 10:57:13,995(YYYY-MM-ddHH:MM:ss.SSS][main]Utilities.Loggerload1)-******************* Launching Home Page******************
['WARN ]2023-07-05 10:57:17,335(YYYY-MM-ddHH:MM:ss.SSS][main]Utilities.Loggerload1)-******************You have got a login failure warning*********************
['WARN ]2023-07-05 10:57:18,495(YYYY-MM-ddHH:MM:ss.SSS][main]Utilities.Loggerload1)-******************You have got a login failure warning*********************
['WARN ]2023-07-05 10:57:19,675(YYYY-MM-ddHH:MM:ss.SSS][main]Utilities.Loggerload1)-******************You have got a login failure warning*********************
['WARN ]2023-07-05 10:57:21,004(YYYY-MM-ddHH:MM:ss.SSS][main]Utilities.Loggerload1)-******************You have got a login failure warning*********************
['WARN ]2023-07-05 10:57:21,991(YYYY-MM-ddHH:MM:ss.SSS][main]Utilities.Loggerload1)-******************You have got a login failure warning*********************
['WARN ]2023-07-05 10:57:23,095(YYYY-MM-ddHH:MM:ss.SSS][main]Utilities.Loggerload1)-******************You have got a login failure warning*********************
['WARN ]2023-07-05 10:57:24,154(YYYY-MM-ddHH:MM:ss.SSS][main]Utilities.Loggerload1)-******************You have got a login failure warning*********************
['WARN ]2023-07-05 10:57:25,370(YYYY-MM-ddHH:MM:ss.SSS][main]Utilities.Loggerload1)-******************You have got a login failure warning*********************
['WARN ]2023-07-05 10:57:26,270(YYYY-MM-ddHH:MM:ss.SSS][main]Utilities.Loggerload1)-******************You have got a login failure warning*********************
['WARN ]2023-07-05 10:57:27,220(YYYY-MM-ddHH:MM:ss.SSS][main]Utilities.Loggerload1)-******************You have got a login failure warning*********************
['WARN ]2023-07-05 10:57:28,158(YYYY-MM-ddHH:MM:ss.SSS][main]Utilities.Loggerload1)-******************You have got a login failure warning*********************
['WARN ]2023-07-05 10:57:29,441(YYYY-MM-ddHH:MM:ss.SSS][main]Utilities.Loggerload1)-******************You have got a login failure warning*********************
['WARN ]2023-07-05 10:57:30,491(YYYY-MM-ddHH:MM:ss.SSS][main]Utilities.Loggerload1)-******************You have got a login failure warning*********************
['INFO ]2023-07-05 10:57:30,831(YYYY-MM-ddHH:MM:ss.SSS][main]Utilities.Loggerload1)-*************Launching Signin Page*******************
['INFO ]2023-07-05 10:57:31,100(YYYY-MM-ddHH:MM:ss.SSS][main]Utilities.Loggerload1)-*************Launching Registration Page*******************
['INFO ]2023-07-05 10:57:31,195(YYYY-MM-ddHH:MM:ss.SSS][main]Utilities.Loggerload1)-Registration
['INFO ]2023-07-05 10:57:31,427(YYYY-MM-ddHH:MM:ss.SSS][main]Utilities.Loggerload1)-******************* Launching Home Page******************
['INFO ]2023-07-05 12:49:32,275(YYYY-MM-ddHH:MM:ss.SSS][main]Utilities.Loggerload1)-
['INFO ]2023-07-05 12:49:33,034(YYYY-MM-ddHH:MM:ss.SSS][main]Utilities.Loggerload1)-******************* Launching Home Page******************
['WARN ]2023-07-05 12:49:37,177(YYYY-MM-ddHH:MM:ss.SSS][main]Utilities.Loggerload1)-******************You have got a login failure warning*********************
['WARN ]2023-07-05 12:49:38,296(YYYY-MM-ddHH:MM:ss.SSS][main]Utilities.Loggerload1)-******************You have got a login failure warning*********************
['WARN ]2023-07-05 12:49:39,999(YYYY-MM-ddHH:MM:ss.SSS][main]Utilities.Loggerload1)-******************You have got a login failure warning*********************
['WARN ]2023-07-05 12:49:41,270(YYYY-MM-ddHH:MM:ss.SSS][main]Utilities.Loggerload1)-******************You have got a login failure warning*********************
['WARN ]2023-07-05 12:49:42,552(YYYY-MM-ddHH:MM:ss.SSS][main]Utilities.Loggerload1)-******************You have got a login failure warning*********************
['WARN ]2023-07-05 12:49:43,597(YYYY-MM-ddHH:MM:ss.SSS][main]Utilities.Loggerload1)-******************You have got a login failure warning*********************
['WARN ]2023-07-05 12:49:44,780(YYYY-MM-ddHH:MM:ss.SSS][main]Utilities.Loggerload1)-******************You have got a login failure warning*********************
['WARN ]2023-07-05 12:49:45,814(YYYY-MM-ddHH:MM:ss.SSS][main]Utilities.Loggerload1)-******************You have got a login failure warning*********************
['WARN ]2023-07-05 12:49:47,040(YYYY-MM-ddHH:MM:ss.SSS][main]Utilities.Loggerload1)-******************You have got a login failure warning*********************
['WARN ]2023-07-05 12:49:48,404(YYYY-MM-ddHH:MM:ss.SSS][main]Utilities.Loggerload1)-******************You have got a login failure warning*********************
['WARN ]2023-07-05 12:49:49,464(YYYY-MM-ddHH:MM:ss.SSS][main]Utilities.Loggerload1)-******************You have got a login failure warning*********************
['WARN ]2023-07-05 12:49:50,543(YYYY-MM-ddHH:MM:ss.SSS][main]Utilities.Loggerload1)-******************You have got a login failure warning*********************
['WARN ]2023-07-05 12:49:51,488(YYYY-MM-ddHH:MM:ss.SSS][main]Utilities.Loggerload1)-******************You have got a login failure warning*********************
['INFO ]2023-07-05 12:49:51,885(YYYY-MM-ddHH:MM:ss.SSS][main]Utilities.Loggerload1)-*************Launching Signin Page*******************
['INFO ]2023-07-05 12:49:52,149(YYYY-MM-ddHH:MM:ss.SSS][main]Utilities.Loggerload1)-*************Launching Registration Page*******************
['INFO ]2023-07-05 12:49:52,335(YYYY-MM-ddHH:MM:ss.SSS][main]Utilities.Loggerload1)-Registration
['INFO ]2023-07-05 12:49:52,622(YYYY-MM-ddHH:MM:ss.SSS][main]Utilities.Loggerload1)-******************* Launching Home Page******************
['INFO ]2023-07-05 22:11:51,442(YYYY-MM-ddHH:MM:ss.SSS][main]Utilities.Loggerload1)-
['INFO ]2023-07-05 22:11:52,261(YYYY-MM-ddHH:MM:ss.SSS][main]Utilities.Loggerload1)-******************* Launching Home Page******************
['WARN ]2023-07-05 22:11:55,730(YYYY-MM-ddHH:MM:ss.SSS][main]Utilities.Loggerload1)-******************You have got a login failure warning*********************
['WARN ]2023-07-05 22:11:56,801(YYYY-MM-ddHH:MM:ss.SSS][main]Utilities.Loggerload1)-******************You have got a login failure warning*********************
['WARN ]2023-07-05 22:11:57,780(YYYY-MM-ddHH:MM:ss.SSS][main]Utilities.Loggerload1)-******************You have got a login failure warning*********************
['WARN ]2023-07-05 22:12:01,437(YYYY-MM-ddHH:MM:ss.SSS][main]Utilities.Loggerload1)-******************You have got a login failure warning*********************
['INFO ]2023-07-05 22:42:21,705(YYYY-MM-ddHH:MM:ss.SSS][main]Utilities.Loggerload1)-
['INFO ]2023-07-05 22:42:24,042(YYYY-MM-ddHH:MM:ss.SSS][main]Utilities.Loggerload1)-******************* Launching Home Page******************
['WARN ]2023-07-05 22:42:28,072(YYYY-MM-ddHH:MM:ss.SSS][main]Utilities.Loggerload1)-******************You have got a login failure warning*********************
['WARN ]2023-07-05 22:42:30,200(YYYY-MM-ddHH:MM:ss.SSS][main]Utilities.Loggerload1)-******************You have got a login failure warning*********************
['WARN ]2023-07-05 22:42:32,072(YYYY-MM-ddHH:MM:ss.SSS][main]Utilities.Loggerload1)-******************You have got a login failure warning*********************
['WARN ]2023-07-05 22:42:33,338(YYYY-MM-ddHH:MM:ss.SSS][main]Utilities.Loggerload1)-******************You have got a login failure warning*********************
['WARN ]2023-07-05 22:42:35,170(YYYY-MM-ddHH:MM:ss.SSS][main]Utilities.Loggerload1)-******************You have got a login failure warning*********************
['WARN ]2023-07-05 22:42:36,163(YYYY-MM-ddHH:MM:ss.SSS][main]Utilities.Loggerload1)-******************You have got a login failure warning*********************
['WARN ]2023-07-05 22:42:37,127(YYYY-MM-ddHH:MM:ss.SSS][main]Utilities.Loggerload1)-******************You have got a login failure warning*********************
['WARN ]2023-07-05 22:42:38,144(YYYY-MM-ddHH:MM:ss.SSS][main]Utilities.Loggerload1)-******************You have got a login failure warning*********************
['WARN ]2023-07-05 22:42:39,423(YYYY-MM-ddHH:MM:ss.SSS][main]Utilities.Loggerload1)-******************You have got a login failure warning*********************
['WARN ]2023-07-05 22:42:40,557(YYYY-MM-ddHH:MM:ss.SSS][main]Utilities.Loggerload1)-******************You have got a login failure warning*********************
['WARN ]2023-07-05 22:42:41,636(YYYY-MM-ddHH:MM:ss.SSS][main]Utilities.Loggerload1)-******************You have got a login failure warning*********************
['WARN ]2023-07-05 22:42:43,789(YYYY-MM-ddHH:MM:ss.SSS][main]Utilities.Loggerload1)-******************You have got a login failure warning*********************
['WARN ]2023-07-05 22:42:44,750(YYYY-MM-ddHH:MM:ss.SSS][main]Utilities.Loggerload1)-******************You have got a login failure warning*********************
['INFO ]2023-07-05 22:42:45,117(YYYY-MM-ddHH:MM:ss.SSS][main]Utilities.Loggerload1)-*************Launching Signin Page*******************
['INFO ]2023-07-05 22:42:45,342(YYYY-MM-ddHH:MM:ss.SSS][main]Utilities.Loggerload1)-*************Launching Registration Page*******************
['INFO ]2023-07-05 22:42:45,490(YYYY-MM-ddHH:MM:ss.SSS][main]Utilities.Loggerload1)-Registration
['INFO ]2023-07-05 22:42:45,715(YYYY-MM-ddHH:MM:ss.SSS][main]Utilities.Loggerload1)-******************* Launching Home Page******************
['INFO ]2023-07-05 23:00:39,912(YYYY-MM-ddHH:MM:ss.SSS][main]Utilities.Loggerload1)-
['INFO ]2023-07-05 23:00:41,959(YYYY-MM-ddHH:MM:ss.SSS][main]Utilities.Loggerload1)-******************* Launching Home Page******************
['INFO ]2023-07-05 23:04:25,998(YYYY-MM-ddHH:MM:ss.SSS][main]Utilities.Loggerload1)-
['INFO ]2023-07-05 23:04:28,465(YYYY-MM-ddHH:MM:ss.SSS][main]Utilities.Loggerload1)-******************* Launching Home Page******************
['WARN ]2023-07-05 23:04:31,515(YYYY-MM-ddHH:MM:ss.SSS][main]Utilities.Loggerload1)-******************You have got a login failure warning*********************
['WARN ]2023-07-05 23:04:32,663(YYYY-MM-ddHH:MM:ss.SSS][main]Utilities.Loggerload1)-******************You have got a login failure warning*********************
['WARN ]2023-07-05 23:04:33,650(YYYY-MM-ddHH:MM:ss.SSS][main]Utilities.Loggerload1)-******************You have got a login failure warning*********************
['WARN ]2023-07-05 23:04:34,530(YYYY-MM-ddHH:MM:ss.SSS][main]Utilities.Loggerload1)-******************You have got a login failure warning*********************
['WARN ]2023-07-05 23:04:35,482(YYYY-MM-ddHH:MM:ss.SSS][main]Utilities.Loggerload1)-******************You have got a login failure warning*********************
['WARN ]2023-07-05 23:04:36,285(YYYY-MM-ddHH:MM:ss.SSS][main]Utilities.Loggerload1)-******************You have got a login failure warning*********************
['WARN ]2023-07-05 23:04:37,091(YYYY-MM-ddHH:MM:ss.SSS][main]Utilities.Loggerload1)-******************You have got a login failure warning*********************
['WARN ]2023-07-05 23:04:38,088(YYYY-MM-ddHH:MM:ss.SSS][main]Utilities.Loggerload1)-******************You have got a login failure warning*********************
['WARN ]2023-07-05 23:04:38,869(YYYY-MM-ddHH:MM:ss.SSS][main]Utilities.Loggerload1)-******************You have got a login failure warning*********************
['WARN ]2023-07-05 23:04:39,706(YYYY-MM-ddHH:MM:ss.SSS][main]Utilities.Loggerload1)-******************You have got a login failure warning*********************
['WARN ]2023-07-05 23:04:40,488(YYYY-MM-ddHH:MM:ss.SSS][main]Utilities.Loggerload1)-******************You have got a login failure warning*********************
['WARN ]2023-07-05 23:04:41,285(YYYY-MM-ddHH:MM:ss.SSS][main]Utilities.Loggerload1)-******************You have got a login failure warning*********************
['WARN ]2023-07-05 23:04:42,097(YYYY-MM-ddHH:MM:ss.SSS][main]Utilities.Loggerload1)-******************You have got a login failure warning*********************
['INFO ]2023-07-05 23:04:42,381(YYYY-MM-ddHH:MM:ss.SSS][main]Utilities.Loggerload1)-*************Launching Signin Page*******************
['INFO ]2023-07-05 23:04:42,637(YYYY-MM-ddHH:MM:ss.SSS][main]Utilities.Loggerload1)-*************Launching Registration Page*******************
['INFO ]2023-07-05 23:04:42,743(YYYY-MM-ddHH:MM:ss.SSS][main]Utilities.Loggerload1)-Registration
['INFO ]2023-07-05 23:04:43,032(YYYY-MM-ddHH:MM:ss.SSS][main]Utilities.Loggerload1)-******************* Launching Home Page******************
['INFO ]2023-07-06 17:18:59,514(YYYY-MM-ddHH:MM:ss.SSS][main]Utilities.Loggerload1)-
['INFO ]2023-07-06 17:18:59,837(YYYY-MM-ddHH:MM:ss.SSS][main]Utilities.Loggerload1)-******************* Launching Home Page******************
['WARN ]2023-07-06 17:19:03,339(YYYY-MM-ddHH:MM:ss.SSS][main]Utilities.Loggerload1)-******************You have got a login failure warning*********************
['WARN ]2023-07-06 17:19:04,382(YYYY-MM-ddHH:MM:ss.SSS][main]Utilities.Loggerload1)-******************You have got a login failure warning*********************
['WARN ]2023-07-06 17:19:05,498(YYYY-MM-ddHH:MM:ss.SSS][main]Utilities.Loggerload1)-******************You have got a login failure warning*********************
['WARN ]2023-07-06 17:19:06,756(YYYY-MM-ddHH:MM:ss.SSS][main]Utilities.Loggerload1)-******************You have got a login failure warning*********************
['WARN ]2023-07-06 17:19:07,673(YYYY-MM-ddHH:MM:ss.SSS][main]Utilities.Loggerload1)-******************You have got a login failure warning*********************
['WARN ]2023-07-06 17:19:08,668(YYYY-MM-ddHH:MM:ss.SSS][main]Utilities.Loggerload1)-******************You have got a login failure warning*********************
['WARN ]2023-07-06 17:19:09,447(YYYY-MM-ddHH:MM:ss.SSS][main]Utilities.Loggerload1)-******************You have got a login failure warning*********************
['WARN ]2023-07-06 17:19:10,346(YYYY-MM-ddHH:MM:ss.SSS][main]Utilities.Loggerload1)-******************You have got a login failure warning*********************
['WARN ]2023-07-06 17:19:11,112(YYYY-MM-ddHH:MM:ss.SSS][main]Utilities.Loggerload1)-******************You have got a login failure warning*********************
['WARN ]2023-07-06 17:19:11,980(YYYY-MM-ddHH:MM:ss.SSS][main]Utilities.Loggerload1)-******************You have got a login failure warning*********************
['WARN ]2023-07-06 17:19:12,743(YYYY-MM-ddHH:MM:ss.SSS][main]Utilities.Loggerload1)-******************You have got a login failure warning*********************
['WARN ]2023-07-06 17:19:13,543(YYYY-MM-ddHH:MM:ss.SSS][main]Utilities.Loggerload1)-******************You have got a login failure warning*********************
['WARN ]2023-07-06 17:19:14,472(YYYY-MM-ddHH:MM:ss.SSS][main]Utilities.Loggerload1)-******************You have got a login failure warning*********************
['INFO ]2023-07-06 17:19:14,712(YYYY-MM-ddHH:MM:ss.SSS][main]Utilities.Loggerload1)-*************Launching Signin Page*******************
['INFO ]2023-07-06 17:19:14,942(YYYY-MM-ddHH:MM:ss.SSS][main]Utilities.Loggerload1)-*************Launching Registration Page*******************
['INFO ]2023-07-06 17:20:30,746(YYYY-MM-ddHH:MM:ss.SSS][main]Utilities.Loggerload1)-
['INFO ]2023-07-06 17:20:32,814(YYYY-MM-ddHH:MM:ss.SSS][main]Utilities.Loggerload1)-******************* Launching Home Page******************
['WARN ]2023-07-06 17:20:35,607(YYYY-MM-ddHH:MM:ss.SSS][main]Utilities.Loggerload1)-******************You have got a login failure warning*********************
['WARN ]2023-07-06 17:20:36,443(YYYY-MM-ddHH:MM:ss.SSS][main]Utilities.Loggerload1)-******************You have got a login failure warning*********************
['WARN ]2023-07-06 17:20:37,244(YYYY-MM-ddHH:MM:ss.SSS][main]Utilities.Loggerload1)-******************You have got a login failure warning*********************
['WARN ]2023-07-06 17:20:38,391(YYYY-MM-ddHH:MM:ss.SSS][main]Utilities.Loggerload1)-******************You have got a login failure warning*********************
['WARN ]2023-07-06 17:20:39,387(YYYY-MM-ddHH:MM:ss.SSS][main]Utilities.Loggerload1)-******************You have got a login failure warning*********************
['WARN ]2023-07-06 17:20:40,204(YYYY-MM-ddHH:MM:ss.SSS][main]Utilities.Loggerload1)-******************You have got a login failure warning*********************
['WARN ]2023-07-06 17:20:40,953(YYYY-MM-ddHH:MM:ss.SSS][main]Utilities.Loggerload1)-******************You have got a login failure warning*********************
['WARN ]2023-07-06 17:20:41,789(YYYY-MM-ddHH:MM:ss.SSS][main]Utilities.Loggerload1)-******************You have got a login failure warning*********************
['WARN ]2023-07-06 17:20:42,701(YYYY-MM-ddHH:MM:ss.SSS][main]Utilities.Loggerload1)-******************You have got a login failure warning*********************
['WARN ]2023-07-06 17:20:43,482(YYYY-MM-ddHH:MM:ss.SSS][main]Utilities.Loggerload1)-******************You have got a login failure warning*********************
['WARN ]2023-07-06 17:20:44,229(YYYY-MM-ddHH:MM:ss.SSS][main]Utilities.Loggerload1)-******************You have got a login failure warning*********************
['WARN ]2023-07-06 17:20:45,149(YYYY-MM-ddHH:MM:ss.SSS][main]Utilities.Loggerload1)-******************You have got a login failure warning*********************
['WARN ]2023-07-06 17:20:45,925(YYYY-MM-ddHH:MM:ss.SSS][main]Utilities.Loggerload1)-******************You have got a login failure warning*********************
['INFO ]2023-07-06 17:20:46,246(YYYY-MM-ddHH:MM:ss.SSS][main]Utilities.Loggerload1)-*************Launching Signin Page*******************
['INFO ]2023-07-06 17:20:46,547(YYYY-MM-ddHH:MM:ss.SSS][main]Utilities.Loggerload1)-*************Launching Registration Page*******************
['INFO ]2023-07-06 17:20:46,682(YYYY-MM-ddHH:MM:ss.SSS][main]Utilities.Loggerload1)-Registration
['INFO ]2023-07-06 17:20:46,835(YYYY-MM-ddHH:MM:ss.SSS][main]Utilities.Loggerload1)-******************* Launching Home Page******************
['INFO ]2023-07-06 17:56:40,459(YYYY-MM-ddHH:MM:ss.SSS][main]Utilities.Loggerload1)-
['INFO ]2023-07-06 17:56:42,228(YYYY-MM-ddHH:MM:ss.SSS][main]Utilities.Loggerload1)-******************* Launching Home Page******************
['WARN ]2023-07-06 17:56:44,529(YYYY-MM-ddHH:MM:ss.SSS][main]Utilities.Loggerload1)-******************You have got a login failure warning*********************
['WARN ]2023-07-06 17:56:45,471(YYYY-MM-ddHH:MM:ss.SSS][main]Utilities.Loggerload1)-******************You have got a login failure warning*********************
['WARN ]2023-07-06 17:56:46,323(YYYY-MM-ddHH:MM:ss.SSS][main]Utilities.Loggerload1)-******************You have got a login failure warning*********************
['WARN ]2023-07-06 17:56:47,174(YYYY-MM-ddHH:MM:ss.SSS][main]Utilities.Loggerload1)-******************You have got a login failure warning*********************
['WARN ]2023-07-06 17:56:47,964(YYYY-MM-ddHH:MM:ss.SSS][main]Utilities.Loggerload1)-******************You have got a login failure warning*********************
['WARN ]2023-07-06 17:56:48,863(YYYY-MM-ddHH:MM:ss.SSS][main]Utilities.Loggerload1)-******************You have got a login failure warning*********************
['WARN ]2023-07-06 17:56:49,765(YYYY-MM-ddHH:MM:ss.SSS][main]Utilities.Loggerload1)-******************You have got a login failure warning*********************
['WARN ]2023-07-06 17:56:50,614(YYYY-MM-ddHH:MM:ss.SSS][main]Utilities.Loggerload1)-******************You have got a login failure warning*********************
['WARN ]2023-07-06 17:56:51,431(YYYY-MM-ddHH:MM:ss.SSS][main]Utilities.Loggerload1)-******************You have got a login failure warning*********************
['WARN ]2023-07-06 17:56:52,224(YYYY-MM-ddHH:MM:ss.SSS][main]Utilities.Loggerload1)-******************You have got a login failure warning*********************
['WARN ]2023-07-06 17:56:52,989(YYYY-MM-ddHH:MM:ss.SSS][main]Utilities.Loggerload1)-******************You have got a login failure warning*********************
['WARN ]2023-07-06 17:56:53,773(YYYY-MM-ddHH:MM:ss.SSS][main]Utilities.Loggerload1)-******************You have got a login failure warning*********************
['WARN ]2023-07-06 17:56:54,556(YYYY-MM-ddHH:MM:ss.SSS][main]Utilities.Loggerload1)-******************You have got a login failure warning*********************
['INFO ]2023-07-06 17:56:54,816(YYYY-MM-ddHH:MM:ss.SSS][main]Utilities.Loggerload1)-*************Launching Signin Page*******************
['INFO ]2023-07-06 17:56:55,061(YYYY-MM-ddHH:MM:ss.SSS][main]Utilities.Loggerload1)-*************Launching Registration Page*******************
['INFO ]2023-07-06 20:11:37,360(YYYY-MM-ddHH:MM:ss.SSS][main]Utilities.Loggerload1)-
['INFO ]2023-07-06 20:11:42,094(YYYY-MM-ddHH:MM:ss.SSS][main]Utilities.Loggerload1)-******************* Launching Home Page******************
['WARN ]2023-07-06 20:11:45,331(YYYY-MM-ddHH:MM:ss.SSS][main]Utilities.Loggerload1)-******************You have got a login failure warning*********************
['WARN ]2023-07-06 20:11:46,610(YYYY-MM-ddHH:MM:ss.SSS][main]Utilities.Loggerload1)-******************You have got a login failure warning*********************
['WARN ]2023-07-06 20:11:47,978(YYYY-MM-ddHH:MM:ss.SSS][main]Utilities.Loggerload1)-******************You have got a login failure warning*********************
['WARN ]2023-07-06 20:11:49,723(YYYY-MM-ddHH:MM:ss.SSS][main]Utilities.Loggerload1)-******************You have got a login failure warning*********************
['WARN ]2023-07-06 20:11:50,962(YYYY-MM-ddHH:MM:ss.SSS][main]Utilities.Loggerload1)-******************You have got a login failure warning*********************
['WARN ]2023-07-06 20:11:52,000(YYYY-MM-ddHH:MM:ss.SSS][main]Utilities.Loggerload1)-******************You have got a login failure warning*********************
['WARN ]2023-07-06 20:11:53,456(YYYY-MM-ddHH:MM:ss.SSS][main]Utilities.Loggerload1)-******************You have got a login failure warning*********************
['WARN ]2023-07-06 20:11:54,409(YYYY-MM-ddHH:MM:ss.SSS][main]Utilities.Loggerload1)-******************You have got a login failure warning*********************
['WARN ]2023-07-06 20:11:55,294(YYYY-MM-ddHH:MM:ss.SSS][main]Utilities.Loggerload1)-******************You have got a login failure warning*********************
['WARN ]2023-07-06 20:11:56,112(YYYY-MM-ddHH:MM:ss.SSS][main]Utilities.Loggerload1)-******************You have got a login failure warning*********************
['WARN ]2023-07-06 20:11:57,041(YYYY-MM-ddHH:MM:ss.SSS][main]Utilities.Loggerload1)-******************You have got a login failure warning*********************
['WARN ]2023-07-06 20:11:57,871(YYYY-MM-ddHH:MM:ss.SSS][main]Utilities.Loggerload1)-******************You have got a login failure warning*********************
['WARN ]2023-07-06 20:11:58,719(YYYY-MM-ddHH:MM:ss.SSS][main]Utilities.Loggerload1)-******************You have got a login failure warning*********************
['INFO ]2023-07-06 20:11:59,281(YYYY-MM-ddHH:MM:ss.SSS][main]Utilities.Loggerload1)-*************Launching Signin Page*******************
['INFO ]2023-07-06 20:11:59,659(YYYY-MM-ddHH:MM:ss.SSS][main]Utilities.Loggerload1)-*************Launching Registration Page*******************
['INFO ]2023-07-06 20:15:37,234(YYYY-MM-ddHH:MM:ss.SSS][main]Utilities.Loggerload1)-
['INFO ]2023-07-06 20:15:39,399(YYYY-MM-ddHH:MM:ss.SSS][main]Utilities.Loggerload1)-******************* Launching Home Page******************
['WARN ]2023-07-06 20:15:42,140(YYYY-MM-ddHH:MM:ss.SSS][main]Utilities.Loggerload1)-******************You have got a login failure warning*********************
['WARN ]2023-07-06 20:15:43,039(YYYY-MM-ddHH:MM:ss.SSS][main]Utilities.Loggerload1)-******************You have got a login failure warning*********************
['WARN ]2023-07-06 20:15:43,839(YYYY-MM-ddHH:MM:ss.SSS][main]Utilities.Loggerload1)-******************You have got a login failure warning*********************
['WARN ]2023-07-06 20:15:44,784(YYYY-MM-ddHH:MM:ss.SSS][main]Utilities.Loggerload1)-******************You have got a login failure warning*********************
['WARN ]2023-07-06 20:15:45,619(YYYY-MM-ddHH:MM:ss.SSS][main]Utilities.Loggerload1)-******************You have got a login failure warning*********************
['WARN ]2023-07-06 20:15:46,516(YYYY-MM-ddHH:MM:ss.SSS][main]Utilities.Loggerload1)-******************You have got a login failure warning*********************
['WARN ]2023-07-06 20:15:47,315(YYYY-MM-ddHH:MM:ss.SSS][main]Utilities.Loggerload1)-******************You have got a login failure warning*********************
['WARN ]2023-07-06 20:15:48,210(YYYY-MM-ddHH:MM:ss.SSS][main]Utilities.Loggerload1)-******************You have got a login failure warning*********************
['WARN ]2023-07-06 20:15:49,008(YYYY-MM-ddHH:MM:ss.SSS][main]Utilities.Loggerload1)-******************You have got a login failure warning*********************
['WARN ]2023-07-06 20:15:49,952(YYYY-MM-ddHH:MM:ss.SSS][main]Utilities.Loggerload1)-******************You have got a login failure warning*********************
['WARN ]2023-07-06 20:15:50,741(YYYY-MM-ddHH:MM:ss.SSS][main]Utilities.Loggerload1)-******************You have got a login failure warning*********************
['WARN ]2023-07-06 20:15:51,572(YYYY-MM-ddHH:MM:ss.SSS][main]Utilities.Loggerload1)-******************You have got a login failure warning*********************
['WARN ]2023-07-06 20:15:52,419(YYYY-MM-ddHH:MM:ss.SSS][main]Utilities.Loggerload1)-******************You have got a login failure warning*********************
['INFO ]2023-07-06 20:15:52,672(YYYY-MM-ddHH:MM:ss.SSS][main]Utilities.Loggerload1)-*************Launching Signin Page*******************
['INFO ]2023-07-06 20:15:53,013(YYYY-MM-ddHH:MM:ss.SSS][main]Utilities.Loggerload1)-*************Launching Registration Page*******************
['INFO ]2023-07-06 20:16:35,853(YYYY-MM-ddHH:MM:ss.SSS][main]Utilities.Loggerload1)-
['INFO ]2023-07-06 20:16:38,142(YYYY-MM-ddHH:MM:ss.SSS][main]Utilities.Loggerload1)-******************* Launching Home Page******************
['WARN ]2023-07-06 20:16:41,173(YYYY-MM-ddHH:MM:ss.SSS][main]Utilities.Loggerload1)-******************You have got a login failure warning*********************
['WARN ]2023-07-06 20:16:42,117(YYYY-MM-ddHH:MM:ss.SSS][main]Utilities.Loggerload1)-******************You have got a login failure warning*********************
['WARN ]2023-07-06 20:16:43,016(YYYY-MM-ddHH:MM:ss.SSS][main]Utilities.Loggerload1)-******************You have got a login failure warning*********************
['WARN ]2023-07-06 20:16:43,830(YYYY-MM-ddHH:MM:ss.SSS][main]Utilities.Loggerload1)-******************You have got a login failure warning*********************
['WARN ]2023-07-06 20:16:44,745(YYYY-MM-ddHH:MM:ss.SSS][main]Utilities.Loggerload1)-******************You have got a login failure warning*********************
['WARN ]2023-07-06 20:16:45,543(YYYY-MM-ddHH:MM:ss.SSS][main]Utilities.Loggerload1)-******************You have got a login failure warning*********************
['WARN ]2023-07-06 20:16:46,326(YYYY-MM-ddHH:MM:ss.SSS][main]Utilities.Loggerload1)-******************You have got a login failure warning*********************
['WARN ]2023-07-06 20:16:47,172(YYYY-MM-ddHH:MM:ss.SSS][main]Utilities.Loggerload1)-******************You have got a login failure warning*********************
['WARN ]2023-07-06 20:16:47,971(YYYY-MM-ddHH:MM:ss.SSS][main]Utilities.Loggerload1)-******************You have got a login failure warning*********************
['WARN ]2023-07-06 20:16:48,805(YYYY-MM-ddHH:MM:ss.SSS][main]Utilities.Loggerload1)-******************You have got a login failure warning*********************
['WARN ]2023-07-06 20:16:49,607(YYYY-MM-ddHH:MM:ss.SSS][main]Utilities.Loggerload1)-******************You have got a login failure warning*********************
['WARN ]2023-07-06 20:16:50,451(YYYY-MM-ddHH:MM:ss.SSS][main]Utilities.Loggerload1)-******************You have got a login failure warning*********************
['WARN ]2023-07-06 20:16:51,333(YYYY-MM-ddHH:MM:ss.SSS][main]Utilities.Loggerload1)-******************You have got a login failure warning*********************
['INFO ]2023-07-06 20:16:51,596(YYYY-MM-ddHH:MM:ss.SSS][main]Utilities.Loggerload1)-*************Launching Signin Page*******************
['INFO ]2023-07-06 20:16:51,836(YYYY-MM-ddHH:MM:ss.SSS][main]Utilities.Loggerload1)-*************Launching Registration Page*******************
['INFO ]2023-07-06 20:17:27,876(YYYY-MM-ddHH:MM:ss.SSS][main]Utilities.Loggerload1)-
['INFO ]2023-07-06 20:17:29,944(YYYY-MM-ddHH:MM:ss.SSS][main]Utilities.Loggerload1)-******************* Launching Home Page******************
['WARN ]2023-07-06 20:17:32,266(YYYY-MM-ddHH:MM:ss.SSS][main]Utilities.Loggerload1)-******************You have got a login failure warning*********************
['WARN ]2023-07-06 20:17:33,476(YYYY-MM-ddHH:MM:ss.SSS][main]Utilities.Loggerload1)-******************You have got a login failure warning*********************
['WARN ]2023-07-06 20:17:34,324(YYYY-MM-ddHH:MM:ss.SSS][main]Utilities.Loggerload1)-******************You have got a login failure warning*********************
['WARN ]2023-07-06 20:17:35,206(YYYY-MM-ddHH:MM:ss.SSS][main]Utilities.Loggerload1)-******************You have got a login failure warning*********************
['WARN ]2023-07-06 20:17:36,039(YYYY-MM-ddHH:MM:ss.SSS][main]Utilities.Loggerload1)-******************You have got a login failure warning*********************
['WARN ]2023-07-06 20:17:36,900(YYYY-MM-ddHH:MM:ss.SSS][main]Utilities.Loggerload1)-******************You have got a login failure warning*********************
['WARN ]2023-07-06 20:17:37,731(YYYY-MM-ddHH:MM:ss.SSS][main]Utilities.Loggerload1)-******************You have got a login failure warning*********************
['WARN ]2023-07-06 20:17:38,616(YYYY-MM-ddHH:MM:ss.SSS][main]Utilities.Loggerload1)-******************You have got a login failure warning*********************
['WARN ]2023-07-06 20:17:39,430(YYYY-MM-ddHH:MM:ss.SSS][main]Utilities.Loggerload1)-******************You have got a login failure warning*********************
['WARN ]2023-07-06 20:17:40,227(YYYY-MM-ddHH:MM:ss.SSS][main]Utilities.Loggerload1)-******************You have got a login failure warning*********************
['WARN ]2023-07-06 20:17:41,048(YYYY-MM-ddHH:MM:ss.SSS][main]Utilities.Loggerload1)-******************You have got a login failure warning*********************
['WARN ]2023-07-06 20:17:41,831(YYYY-MM-ddHH:MM:ss.SSS][main]Utilities.Loggerload1)-******************You have got a login failure warning*********************
['WARN ]2023-07-06 20:17:42,640(YYYY-MM-ddHH:MM:ss.SSS][main]Utilities.Loggerload1)-******************You have got a login failure warning*********************
['INFO ]2023-07-06 20:17:42,907(YYYY-MM-ddHH:MM:ss.SSS][main]Utilities.Loggerload1)-*************Launching Signin Page*******************
['INFO ]2023-07-06 20:17:43,126(YYYY-MM-ddHH:MM:ss.SSS][main]Utilities.Loggerload1)-*************Launching Registration Page*******************
['INFO ]2023-07-06 20:19:31,037(YYYY-MM-ddHH:MM:ss.SSS][main]Utilities.Loggerload1)-
['INFO ]2023-07-06 20:19:33,091(YYYY-MM-ddHH:MM:ss.SSS][main]Utilities.Loggerload1)-******************* Launching Home Page******************
['WARN ]2023-07-06 20:19:40,239(YYYY-MM-ddHH:MM:ss.SSS][main]Utilities.Loggerload1)-******************You have got a login failure warning*********************
['WARN ]2023-07-06 20:19:41,369(YYYY-MM-ddHH:MM:ss.SSS][main]Utilities.Loggerload1)-******************You have got a login failure warning*********************
['WARN ]2023-07-06 20:19:42,127(YYYY-MM-ddHH:MM:ss.SSS][main]Utilities.Loggerload1)-******************You have got a login failure warning*********************
['WARN ]2023-07-06 20:19:42,913(YYYY-MM-ddHH:MM:ss.SSS][main]Utilities.Loggerload1)-******************You have got a login failure warning*********************
['WARN ]2023-07-06 20:19:43,714(YYYY-MM-ddHH:MM:ss.SSS][main]Utilities.Loggerload1)-******************You have got a login failure warning*********************
['WARN ]2023-07-06 20:19:44,396(YYYY-MM-ddHH:MM:ss.SSS][main]Utilities.Loggerload1)-******************You have got a login failure warning*********************
['WARN ]2023-07-06 20:19:45,217(YYYY-MM-ddHH:MM:ss.SSS][main]Utilities.Loggerload1)-******************You have got a login failure warning*********************
['WARN ]2023-07-06 20:19:46,504(YYYY-MM-ddHH:MM:ss.SSS][main]Utilities.Loggerload1)-******************You have got a login failure warning*********************
['WARN ]2023-07-06 20:19:47,869(YYYY-MM-ddHH:MM:ss.SSS][main]Utilities.Loggerload1)-******************You have got a login failure warning*********************
['WARN ]2023-07-06 20:19:48,854(YYYY-MM-ddHH:MM:ss.SSS][main]Utilities.Loggerload1)-******************You have got a login failure warning*********************
['WARN ]2023-07-06 20:19:49,821(YYYY-MM-ddHH:MM:ss.SSS][main]Utilities.Loggerload1)-******************You have got a login failure warning*********************
['WARN ]2023-07-06 20:19:50,774(YYYY-MM-ddHH:MM:ss.SSS][main]Utilities.Loggerload1)-******************You have got a login failure warning*********************
['WARN ]2023-07-06 20:19:51,670(YYYY-MM-ddHH:MM:ss.SSS][main]Utilities.Loggerload1)-******************You have got a login failure warning*********************
['INFO ]2023-07-06 20:19:52,381(YYYY-MM-ddHH:MM:ss.SSS][main]Utilities.Loggerload1)-*************Launching Signin Page*******************
['INFO ]2023-07-06 20:19:52,741(YYYY-MM-ddHH:MM:ss.SSS][main]Utilities.Loggerload1)-*************Launching Registration Page*******************
['INFO ]2023-07-06 20:20:37,511(YYYY-MM-ddHH:MM:ss.SSS][main]Utilities.Loggerload1)-
['INFO ]2023-07-06 20:20:41,069(YYYY-MM-ddHH:MM:ss.SSS][main]Utilities.Loggerload1)-******************* Launching Home Page******************
['WARN ]2023-07-06 20:20:43,011(YYYY-MM-ddHH:MM:ss.SSS][main]Utilities.Loggerload1)-******************You have got a login failure warning*********************
['WARN ]2023-07-06 20:20:44,156(YYYY-MM-ddHH:MM:ss.SSS][main]Utilities.Loggerload1)-******************You have got a login failure warning*********************
['WARN ]2023-07-06 20:20:45,069(YYYY-MM-ddHH:MM:ss.SSS][main]Utilities.Loggerload1)-******************You have got a login failure warning*********************
['WARN ]2023-07-06 20:20:45,935(YYYY-MM-ddHH:MM:ss.SSS][main]Utilities.Loggerload1)-******************You have got a login failure warning*********************
['WARN ]2023-07-06 20:20:46,972(YYYY-MM-ddHH:MM:ss.SSS][main]Utilities.Loggerload1)-******************You have got a login failure warning*********************
['WARN ]2023-07-06 20:20:47,778(YYYY-MM-ddHH:MM:ss.SSS][main]Utilities.Loggerload1)-******************You have got a login failure warning*********************
['WARN ]2023-07-06 20:20:48,561(YYYY-MM-ddHH:MM:ss.SSS][main]Utilities.Loggerload1)-******************You have got a login failure warning*********************
['WARN ]2023-07-06 20:20:49,478(YYYY-MM-ddHH:MM:ss.SSS][main]Utilities.Loggerload1)-******************You have got a login failure warning*********************
['WARN ]2023-07-06 20:20:50,377(YYYY-MM-ddHH:MM:ss.SSS][main]Utilities.Loggerload1)-******************You have got a login failure warning*********************
['WARN ]2023-07-06 20:20:51,239(YYYY-MM-ddHH:MM:ss.SSS][main]Utilities.Loggerload1)-******************You have got a login failure warning*********************
['WARN ]2023-07-06 20:20:52,168(YYYY-MM-ddHH:MM:ss.SSS][main]Utilities.Loggerload1)-******************You have got a login failure warning*********************
['WARN ]2023-07-06 20:20:53,018(YYYY-MM-ddHH:MM:ss.SSS][main]Utilities.Loggerload1)-******************You have got a login failure warning*********************
['WARN ]2023-07-06 20:20:53,951(YYYY-MM-ddHH:MM:ss.SSS][main]Utilities.Loggerload1)-******************You have got a login failure warning*********************
['INFO ]2023-07-06 20:20:54,228(YYYY-MM-ddHH:MM:ss.SSS][main]Utilities.Loggerload1)-*************Launching Signin Page*******************
['INFO ]2023-07-06 20:20:54,471(YYYY-MM-ddHH:MM:ss.SSS][main]Utilities.Loggerload1)-*************Launching Registration Page*******************
['INFO ]2023-07-06 20:22:39,749(YYYY-MM-ddHH:MM:ss.SSS][main]Utilities.Loggerload1)-
['INFO ]2023-07-06 20:22:42,332(YYYY-MM-ddHH:MM:ss.SSS][main]Utilities.Loggerload1)-******************* Launching Home Page******************
['WARN ]2023-07-06 20:22:43,979(YYYY-MM-ddHH:MM:ss.SSS][main]Utilities.Loggerload1)-******************You have got a login failure warning*********************
['WARN ]2023-07-06 20:22:45,034(YYYY-MM-ddHH:MM:ss.SSS][main]Utilities.Loggerload1)-******************You have got a login failure warning*********************
['WARN ]2023-07-06 20:22:45,921(YYYY-MM-ddHH:MM:ss.SSS][main]Utilities.Loggerload1)-******************You have got a login failure warning*********************
['WARN ]2023-07-06 20:22:46,851(YYYY-MM-ddHH:MM:ss.SSS][main]Utilities.Loggerload1)-******************You have got a login failure warning*********************
['WARN ]2023-07-06 20:22:47,780(YYYY-MM-ddHH:MM:ss.SSS][main]Utilities.Loggerload1)-******************You have got a login failure warning*********************
['WARN ]2023-07-06 20:22:48,664(YYYY-MM-ddHH:MM:ss.SSS][main]Utilities.Loggerload1)-******************You have got a login failure warning*********************
['WARN ]2023-07-06 20:22:49,512(YYYY-MM-ddHH:MM:ss.SSS][main]Utilities.Loggerload1)-******************You have got a login failure warning*********************
['WARN ]2023-07-06 20:22:50,526(YYYY-MM-ddHH:MM:ss.SSS][main]Utilities.Loggerload1)-******************You have got a login failure warning*********************
['WARN ]2023-07-06 20:22:51,357(YYYY-MM-ddHH:MM:ss.SSS][main]Utilities.Loggerload1)-******************You have got a login failure warning*********************
['WARN ]2023-07-06 20:22:52,223(YYYY-MM-ddHH:MM:ss.SSS][main]Utilities.Loggerload1)-******************You have got a login failure warning*********************
['WARN ]2023-07-06 20:22:53,103(YYYY-MM-ddHH:MM:ss.SSS][main]Utilities.Loggerload1)-******************You have got a login failure warning*********************
['WARN ]2023-07-06 20:22:53,989(YYYY-MM-ddHH:MM:ss.SSS][main]Utilities.Loggerload1)-******************You have got a login failure warning*********************
['WARN ]2023-07-06 20:22:54,826(YYYY-MM-ddHH:MM:ss.SSS][main]Utilities.Loggerload1)-******************You have got a login failure warning*********************
['INFO ]2023-07-06 20:22:55,149(YYYY-MM-ddHH:MM:ss.SSS][main]Utilities.Loggerload1)-*************Launching Signin Page*******************
['INFO ]2023-07-06 20:22:55,380(YYYY-MM-ddHH:MM:ss.SSS][main]Utilities.Loggerload1)-*************Launching Registration Page*******************
['INFO ]2023-07-06 20:22:55,515(YYYY-MM-ddHH:MM:ss.SSS][main]Utilities.Loggerload1)-Registration
['INFO ]2023-07-06 20:22:55,651(YYYY-MM-ddHH:MM:ss.SSS][main]Utilities.Loggerload1)-******************* Launching Home Page******************
['INFO ]2023-07-06 21:08:42,186(YYYY-MM-ddHH:MM:ss.SSS][main]Utilities.Loggerload1)-
['INFO ]2023-07-06 21:08:45,962(YYYY-MM-ddHH:MM:ss.SSS][main]Utilities.Loggerload1)-******************* Launching Home Page******************
['INFO ]2023-07-06 21:11:57,040(YYYY-MM-ddHH:MM:ss.SSS][main]Utilities.Loggerload1)-
['INFO ]2023-07-06 21:12:01,548(YYYY-MM-ddHH:MM:ss.SSS][main]Utilities.Loggerload1)-******************* Launching Home Page******************
['INFO ]2023-07-06 21:14:57,941(YYYY-MM-ddHH:MM:ss.SSS][main]Utilities.Loggerload1)-
['INFO ]2023-07-06 21:15:00,423(YYYY-MM-ddHH:MM:ss.SSS][main]Utilities.Loggerload1)-******************* Launching Home Page******************
['INFO ]2023-07-06 21:35:46,883(YYYY-MM-ddHH:MM:ss.SSS][main]Utilities.Loggerload1)-
['INFO ]2023-07-06 21:35:49,074(YYYY-MM-ddHH:MM:ss.SSS][main]Utilities.Loggerload1)-******************* Launching Home Page******************
['WARN ]2023-07-06 21:35:53,733(YYYY-MM-ddHH:MM:ss.SSS][main]Utilities.Loggerload1)-******************You have got a login failure warning*********************
['WARN ]2023-07-06 21:35:54,624(YYYY-MM-ddHH:MM:ss.SSS][main]Utilities.Loggerload1)-******************You have got a login failure warning*********************
['WARN ]2023-07-06 21:35:55,517(YYYY-MM-ddHH:MM:ss.SSS][main]Utilities.Loggerload1)-******************You have got a login failure warning*********************
['WARN ]2023-07-06 21:35:56,430(YYYY-MM-ddHH:MM:ss.SSS][main]Utilities.Loggerload1)-******************You have got a login failure warning*********************
['WARN ]2023-07-06 21:35:57,281(YYYY-MM-ddHH:MM:ss.SSS][main]Utilities.Loggerload1)-******************You have got a login failure warning*********************
['WARN ]2023-07-06 21:35:58,077(YYYY-MM-ddHH:MM:ss.SSS][main]Utilities.Loggerload1)-******************You have got a login failure warning*********************
['WARN ]2023-07-06 21:35:58,891(YYYY-MM-ddHH:MM:ss.SSS][main]Utilities.Loggerload1)-******************You have got a login failure warning*********************
['WARN ]2023-07-06 21:35:59,895(YYYY-MM-ddHH:MM:ss.SSS][main]Utilities.Loggerload1)-******************You have got a login failure warning*********************
['WARN ]2023-07-06 21:36:00,693(YYYY-MM-ddHH:MM:ss.SSS][main]Utilities.Loggerload1)-******************You have got a login failure warning*********************
['WARN ]2023-07-06 21:36:01,505(YYYY-MM-ddHH:MM:ss.SSS][main]Utilities.Loggerload1)-******************You have got a login failure warning*********************
['WARN ]2023-07-06 21:36:02,300(YYYY-MM-ddHH:MM:ss.SSS][main]Utilities.Loggerload1)-******************You have got a login failure warning*********************
['WARN ]2023-07-06 21:36:03,150(YYYY-MM-ddHH:MM:ss.SSS][main]Utilities.Loggerload1)-******************You have got a login failure warning*********************
['WARN ]2023-07-06 21:36:04,000(YYYY-MM-ddHH:MM:ss.SSS][main]Utilities.Loggerload1)-******************You have got a login failure warning*********************
['INFO ]2023-07-06 21:36:05,119(YYYY-MM-ddHH:MM:ss.SSS][main]Utilities.Loggerload1)-*************Launching Signin Page*******************
['INFO ]2023-07-06 21:36:05,876(YYYY-MM-ddHH:MM:ss.SSS][main]Utilities.Loggerload1)-*************Launching Registration Page*******************
['INFO ]2023-07-06 21:36:05,953(YYYY-MM-ddHH:MM:ss.SSS][main]Utilities.Loggerload1)-Registration
['INFO ]2023-07-06 21:36:06,127(YYYY-MM-ddHH:MM:ss.SSS][main]Utilities.Loggerload1)-******************* Launching Home Page******************
['INFO ]2023-07-06 21:45:46,527(YYYY-MM-ddHH:MM:ss.SSS][main]Utilities.Loggerload1)-
['INFO ]2023-07-06 21:45:48,672(YYYY-MM-ddHH:MM:ss.SSS][main]Utilities.Loggerload1)-******************* Launching Home Page******************
['WARN ]2023-07-06 21:45:50,734(YYYY-MM-ddHH:MM:ss.SSS][main]Utilities.Loggerload1)-******************You have got a login failure warning*********************
['WARN ]2023-07-06 21:45:52,216(YYYY-MM-ddHH:MM:ss.SSS][main]Utilities.Loggerload1)-******************You have got a login failure warning*********************
['WARN ]2023-07-06 21:45:53,185(YYYY-MM-ddHH:MM:ss.SSS][main]Utilities.Loggerload1)-******************You have got a login failure warning*********************
['WARN ]2023-07-06 21:45:54,217(YYYY-MM-ddHH:MM:ss.SSS][main]Utilities.Loggerload1)-******************You have got a login failure warning*********************
['WARN ]2023-07-06 21:45:55,262(YYYY-MM-ddHH:MM:ss.SSS][main]Utilities.Loggerload1)-******************You have got a login failure warning*********************
['WARN ]2023-07-06 21:45:56,108(YYYY-MM-ddHH:MM:ss.SSS][main]Utilities.Loggerload1)-******************You have got a login failure warning*********************
['WARN ]2023-07-06 21:45:56,976(YYYY-MM-ddHH:MM:ss.SSS][main]Utilities.Loggerload1)-******************You have got a login failure warning*********************
['WARN ]2023-07-06 21:45:57,990(YYYY-MM-ddHH:MM:ss.SSS][main]Utilities.Loggerload1)-******************You have got a login failure warning*********************
['WARN ]2023-07-06 21:45:58,831(YYYY-MM-ddHH:MM:ss.SSS][main]Utilities.Loggerload1)-******************You have got a login failure warning*********************
['WARN ]2023-07-06 21:45:59,703(YYYY-MM-ddHH:MM:ss.SSS][main]Utilities.Loggerload1)-******************You have got a login failure warning*********************
['WARN ]2023-07-06 21:46:00,501(YYYY-MM-ddHH:MM:ss.SSS][main]Utilities.Loggerload1)-******************You have got a login failure warning*********************
['WARN ]2023-07-06 21:46:01,864(YYYY-MM-ddHH:MM:ss.SSS][main]Utilities.Loggerload1)-******************You have got a login failure warning*********************
['WARN ]2023-07-06 21:46:02,668(YYYY-MM-ddHH:MM:ss.SSS][main]Utilities.Loggerload1)-******************You have got a login failure warning*********************
['INFO ]2023-07-06 21:46:02,995(YYYY-MM-ddHH:MM:ss.SSS][main]Utilities.Loggerload1)-*************Launching Signin Page*******************
['INFO ]2023-07-06 21:46:03,345(YYYY-MM-ddHH:MM:ss.SSS][main]Utilities.Loggerload1)-*************Launching Registration Page*******************
['INFO ]2023-07-06 21:46:03,421(YYYY-MM-ddHH:MM:ss.SSS][main]Utilities.Loggerload1)-Registration
['INFO ]2023-07-06 21:46:03,538(YYYY-MM-ddHH:MM:ss.SSS][main]Utilities.Loggerload1)-******************* Launching Home Page******************
